{
  "RSpec": {
    "coverage": {
      "/home/tannguyen/SELT_REPOS/projectdirectory-selt_2024_team_002/spec/controllers/users_controller_spec.rb": {
        "lines": [
          null,
          null,
          1,
          1,
          0,
          null,
          null,
          0,
          0,
          0,
          0,
          0,
          null,
          0,
          0,
          0,
          0,
          null,
          null,
          null,
          null,
          null
        ]
      },
      "/home/tannguyen/SELT_REPOS/projectdirectory-selt_2024_team_002/spec/rails_helper.rb": {
        "lines": [
          null,
          null,
          null,
          1,
          1,
          1,
          null,
          1,
          1,
          null,
          null,
          null,
          null,
          null,
          null,
          null,
          null,
          null,
          null,
          null,
          null,
          null,
          null,
          null,
          1,
          null,
          null,
          null,
          null,
          1,
          null,
          0,
          0,
          null,
          1,
          null,
          1,
          null,
          null,
          null,
          null,
          1,
          null,
          null,
          null,
          null,
          null,
          null,
          null,
          null,
          null,
          null,
          null,
          null,
          null,
          null,
          null,
          null,
          null,
          1,
          null,
          null,
          1,
          null,
          null,
          null
        ]
      },
      "/home/tannguyen/SELT_REPOS/projectdirectory-selt_2024_team_002/config/environment.rb": {
        "lines": [
          null,
          null,
          null,
          1,
          null,
          null,
          1
        ]
      },
      "/home/tannguyen/SELT_REPOS/projectdirectory-selt_2024_team_002/config/application.rb": {
        "lines": [
          null,
          null,
          1,
          null,
          1,
          null,
          null,
          null,
          1,
          null,
          1,
          null,
          1,
          null,
          1,
          null,
          null,
          null,
          null,
          null,
          null,
          null,
          null,
          null,
          null,
          null,
          null,
          null,
          null,
          null,
          null
        ]
      },
      "/home/tannguyen/SELT_REPOS/projectdirectory-selt_2024_team_002/config/boot.rb": {
        "lines": [
          null,
          null,
          1,
          null,
          1
        ]
      },
      "/home/tannguyen/SELT_REPOS/projectdirectory-selt_2024_team_002/config/environments/test.rb": {
        "lines": [
          null,
          null,
          1,
          null,
          null,
          null,
          null,
          null,
          null,
          1,
          null,
          null,
          null,
          null,
          1,
          null,
          null,
          1,
          1,
          null,
          null,
          1,
          1,
          null,
          null,
          1,
          null,
          null,
          1,
          null,
          null,
          null,
          null,
          1,
          null,
          null,
          1,
          null,
          null,
          1,
          null,
          null,
          1,
          null,
          null,
          null,
          null,
          1,
          null
        ]
      },
      "/home/tannguyen/SELT_REPOS/projectdirectory-selt_2024_team_002/config/initializers/application_controller_renderer.rb": {
        "lines": [
          null,
          null,
          null,
          null,
          null,
          null,
          null,
          null,
          null,
          null
        ]
      },
      "/home/tannguyen/SELT_REPOS/projectdirectory-selt_2024_team_002/config/initializers/assets.rb": {
        "lines": [
          null,
          null,
          null,
          null,
          null,
          1,
          null,
          null,
          null,
          null,
          null,
          null,
          null
        ]
      },
      "/home/tannguyen/SELT_REPOS/projectdirectory-selt_2024_team_002/config/initializers/backtrace_silencers.rb": {
        "lines": [
          null,
          null,
          null,
          null,
          null,
          null,
          null,
          null,
          null
        ]
      },
      "/home/tannguyen/SELT_REPOS/projectdirectory-selt_2024_team_002/config/initializers/content_security_policy.rb": {
        "lines": [
          null,
          null,
          null,
          null,
          null,
          null,
          null,
          null,
          null,
          null,
          null,
          null,
          null,
          null,
          null,
          null,
          null,
          null,
          null,
          null,
          null,
          null,
          null,
          null,
          null,
          null,
          null,
          null,
          null,
          null
        ]
      },
      "/home/tannguyen/SELT_REPOS/projectdirectory-selt_2024_team_002/config/initializers/cookies_serializer.rb": {
        "lines": [
          null,
          null,
          null,
          null,
          1
        ]
      },
      "/home/tannguyen/SELT_REPOS/projectdirectory-selt_2024_team_002/config/initializers/filter_parameter_logging.rb": {
        "lines": [
          null,
          null,
          null,
          null,
          null,
          1
        ]
      },
      "/home/tannguyen/SELT_REPOS/projectdirectory-selt_2024_team_002/config/initializers/inflections.rb": {
        "lines": [
          null,
          null,
          null,
          null,
          null,
          null,
          null,
          null,
          null,
          null,
          null,
          null,
          null,
          null,
          null,
          null,
          null,
          null
        ]
      },
      "/home/tannguyen/SELT_REPOS/projectdirectory-selt_2024_team_002/config/initializers/mime_types.rb": {
        "lines": [
          null,
          null,
          null,
          null,
          null,
          null
        ]
      },
      "/home/tannguyen/SELT_REPOS/projectdirectory-selt_2024_team_002/config/initializers/new_framework_defaults_6_1.rb": {
        "lines": [
          null,
          null,
          null,
          null,
          null,
          null,
          null,
          null,
          null,
          null,
          null,
          null,
          null,
          null,
          null,
          null,
          null,
          null,
          null,
          null,
          null,
          null,
          null,
          null,
          null,
          null,
          null,
          null,
          null,
          null,
          null,
          null,
          null,
          null,
          null,
          null,
          null,
          null,
          null,
          null,
          null,
          null,
          null,
          null,
          null,
          null,
          null,
          null,
          null,
          null,
          null,
          null,
          null,
          null,
          null,
          null,
          null,
          null,
          null,
          null,
          null,
          null,
          null,
          null,
          null,
          null,
          null,
          null,
          null
        ]
      },
      "/home/tannguyen/SELT_REPOS/projectdirectory-selt_2024_team_002/config/initializers/permissions_policy.rb": {
        "lines": [
          null,
          null,
          null,
          null,
          null,
          null,
          null,
          null,
          null,
          null,
          null,
          null,
          null
        ]
      },
      "/home/tannguyen/SELT_REPOS/projectdirectory-selt_2024_team_002/config/initializers/session_store.rb": {
        "lines": [
          null,
          null,
          null,
          null,
          1
        ]
      },
      "/home/tannguyen/SELT_REPOS/projectdirectory-selt_2024_team_002/config/initializers/to_time_preserves_timezone.rb": {
        "lines": [
          null,
          null,
          null,
          null,
          null,
          null,
          null,
          null,
          null,
          null,
          null,
          1
        ]
      },
      "/home/tannguyen/SELT_REPOS/projectdirectory-selt_2024_team_002/config/initializers/wrap_parameters.rb": {
        "lines": [
          null,
          null,
          null,
          null,
          null,
          null,
          null,
          null,
          1,
          1,
          null,
          null,
          null,
          null,
          null,
          null
        ]
      },
      "/home/tannguyen/SELT_REPOS/projectdirectory-selt_2024_team_002/config/routes.rb": {
        "lines": [
          null,
          null,
          1,
          null,
          null,
          null,
          null,
          null,
          null,
          null,
          null,
          null,
          null,
          null,
          null,
          null,
          null,
          null,
          null,
          null,
          null,
          1,
          1,
          1,
          1,
          1,
          1,
          1,
          1,
          1,
          1,
          null,
          null,
          1,
          1,
          1,
          1,
          null,
          null,
          null,
          null,
          null,
          null,
          null,
          null,
          null,
          null,
          null,
          null,
          null,
          null,
          null,
          null,
          null,
          null,
          null,
          null,
          null,
          null,
          null,
          null,
          null,
          null,
          null,
          null,
          null,
          null,
          null,
          null,
          null,
          null,
          null,
          null,
          null,
          null,
          null,
          null,
          null
        ]
      },
      "/home/tannguyen/SELT_REPOS/projectdirectory-selt_2024_team_002/app/helpers/application_helper.rb": {
        "lines": [
          null,
          null,
          null,
          1,
          null
        ]
      },
      "/home/tannguyen/SELT_REPOS/projectdirectory-selt_2024_team_002/app/helpers/shards_helper.rb": {
        "lines": [
          1,
          1,
          null,
          null,
          1,
          null,
          1,
          0,
          0,
          null,
          0,
          0,
          null,
          null
        ]
      },
      "/home/tannguyen/SELT_REPOS/projectdirectory-selt_2024_team_002/spec/controllers/worlds_controller_spec.rb": {
        "lines": [
          null,
          null,
          1,
          1,
          null,
          null,
          1,
          0,
          0,
          0,
          0,
          null,
          0,
          0,
          0,
          0,
          null,
          null,
          0,
          0,
          0,
          0,
          null,
          0,
          0,
          null,
          0,
          0,
          0,
          0,
          null,
          null,
          null,
          null,
          null,
          null,
          null,
          null,
          null,
          0,
          0,
          0,
          0,
          null,
          null,
          null,
          null
        ]
      },
      "/home/tannguyen/SELT_REPOS/projectdirectory-selt_2024_team_002/app/controllers/worlds_controller.rb": {
        "lines": [
          null,
          null,
          null,
          1,
          0,
          null,
          0,
          0,
          0,
          null,
          0,
          0,
          null,
          null,
          0,
          0,
          null,
          null,
          0,
          null,
          0,
          0,
          null,
          null,
          0,
          null,
          null,
          0,
          0,
          0,
          0,
          0,
          null,
          null,
          0,
          null,
          null,
          null,
          0,
          0,
          0,
          0,
          0,
          0,
          0,
          null,
          0,
          0,
          null,
          null,
          0,
          null,
          0,
          null,
          0,
          null,
          0,
          0,
          0,
          null,
          null,
          0,
          0,
          0,
          0,
          0,
          0,
          0,
          null,
          0,
          0,
          null,
          null
        ]
      },
      "/home/tannguyen/SELT_REPOS/projectdirectory-selt_2024_team_002/app/controllers/application_controller.rb": {
        "lines": [
          null,
          null,
          null,
          1,
          null,
          null,
          0,
          null
        ]
      },
      "/home/tannguyen/SELT_REPOS/projectdirectory-selt_2024_team_002/spec/models/user_spec.rb": {
        "lines": [
          null,
          null,
          1,
          1,
          null,
          null,
          1,
          1,
          1,
          0,
          0,
          0,
          0,
          null,
          null,
          1,
          1,
          0,
          0,
          0,
          null,
          1,
          0,
          0,
          0,
          null,
          null,
          1,
          null,
          1,
          1,
          0,
          0,
          0,
          null,
          1,
          0,
          0,
          0,
          null,
          1,
          0,
          0,
          0,
          null,
          1,
          0,
          0,
          0,
          null,
          1,
          0,
          0,
          0,
          null,
          1,
          0,
          0,
          0,
          null,
          1,
          0,
          0,
          null,
          null,
          null,
          null,
          1,
          1,
          0,
          0,
          0,
          null,
          null,
          null,
          null
        ]
      },
      "/home/tannguyen/SELT_REPOS/projectdirectory-selt_2024_team_002/app/models/user.rb": {
        "lines": [
          null,
          null,
          1,
          null,
          null,
          1,
          1,
          1,
          1,
          1,
          null,
          1,
          0,
          0,
          null,
          null,
          1,
          null,
          null,
          null,
          null,
          1,
          0,
          null,
          0,
          0,
          0,
          0,
          0,
          null,
          0,
          0,
          0,
          0,
          null,
          null,
          null,
          null,
          null,
          null,
          1,
          0,
          null,
          null,
          1,
          0,
          null,
          null
        ]
      },
      "/home/tannguyen/SELT_REPOS/projectdirectory-selt_2024_team_002/spec/models/world_spec.rb": {
        "lines": [
          null,
          null,
          1,
          null,
          1,
          null
        ]
      },
      "/home/tannguyen/SELT_REPOS/projectdirectory-selt_2024_team_002/app/models/world.rb": {
        "lines": [
          null,
          null,
          null,
          null,
          1,
          1,
          null,
          null,
          1,
          1,
          1,
          1,
          1,
          1,
          1,
          null,
          1,
          null,
          1,
          0,
          0,
          0,
          null,
          null,
          1,
          0,
          0,
          null,
          null,
          1,
          0,
          null,
          0,
          null,
          null,
          1,
          0,
          null,
          null,
          null,
          null,
          null,
          null,
          null,
          null,
          null,
          null,
          null,
          1,
          null,
          null,
          null,
          null,
          null,
          null,
          null,
          null,
          null,
          null,
          null,
          null,
          null,
          null,
          null,
          null,
          null,
          null,
          null,
          null,
          null,
          null,
          null,
          null,
          null,
          null,
          null,
          null,
          null,
          null,
          null,
          null,
          null,
          null,
          null,
          null,
          null
        ]
      },
      "/home/tannguyen/SELT_REPOS/projectdirectory-selt_2024_team_002/spec/requests/user_spec.rb": {
        "lines": [
          null,
          null,
          1,
          1,
          null,
          null,
          1,
          1,
          1,
          0,
          0,
          null,
          null,
          1,
          1,
          0,
          0,
          null,
          1,
          0,
          0,
          0,
          0,
          0,
          0,
          0,
          null,
          0,
          0,
          null,
          1,
          0,
          0,
          0,
          0,
          0,
          0,
          0,
          0,
          null,
          null,
          0,
          null,
          1,
          0,
          0,
          0,
          0,
          0,
          null,
          null,
          0,
          null,
          null,
          1,
          1,
          0,
          0,
          null,
          null,
          1,
          1,
          0,
          0,
          0,
          0,
          0,
          0,
          0,
          null,
          1,
          0,
          0,
          0,
          0,
          0,
          null,
          1,
          0,
          0,
          0,
          0,
          0,
          0,
          null,
          null,
          null,
          null
        ]
      }
    },
    "timestamp": 1732648750
  }
}
